Start testing: Nov 30 20:13 PST
----------------------------------------------------------
1/1 Testing: unit_tests
1/1 Test: unit_tests
Command: "/mnt/c/users/zachw/repos/major_life_event/build/tests"
Directory: /mnt/c/users/zachw/repos/major_life_event/build
"unit_tests" start time: Nov 30 20:13 PST
Output:
----------------------------------------------------------
[doctest] doctest version is "2.4.12"
[doctest] run with "--help" for options
===============================================================================
/mnt/c/users/zachw/repos/major_life_event/tests/test_env.cpp:13:
TEST CASE:  Grid edge cases

/mnt/c/users/zachw/repos/major_life_event/tests/test_env.cpp:13: ERROR: test case THREW exception: cannot create std::vector larger than max_size()

===============================================================================
[doctest] test cases: 2 | 1 passed | 1 failed | 0 skipped
[doctest] assertions: 2 | 2 passed | 0 failed |
[doctest] Status: FAILURE!
<end of output>
Test time =   0.01 sec
----------------------------------------------------------
Test Failed.
"unit_tests" end time: Nov 30 20:13 PST
"unit_tests" time elapsed: 00:00:00
----------------------------------------------------------

End testing: Nov 30 20:13 PST
